Apr-25 10:25:55.272 [main] DEBUG nextflow.cli.Launcher - $> nextflow run main.nf --samples 's3://czbiohub-mosquito/contigs/*/*.m9'
Apr-25 10:25:55.407 [main] INFO  nextflow.cli.CmdRun - N E X T F L O W  ~  version 19.03.0-edge
Apr-25 10:25:55.424 [main] INFO  nextflow.cli.CmdRun - Launching `main.nf` [hopeful_northcutt] - revision: 0bc48df955
Apr-25 10:25:55.444 [main] DEBUG nextflow.config.ConfigBuilder - Found config local: /Users/lucy.li/Documents/projects/skeeters/analysis/contig_blast_analysis/nextflow.config
Apr-25 10:25:55.445 [main] DEBUG nextflow.config.ConfigBuilder - Parsing config file: /Users/lucy.li/Documents/projects/skeeters/analysis/contig_blast_analysis/nextflow.config
Apr-25 10:25:55.476 [main] DEBUG nextflow.config.ConfigBuilder - Applying config profile: `standard`
Apr-25 10:25:55.962 [main] DEBUG nextflow.Session - Session uuid: 92b1a697-61d5-4300-a0c8-468d56256b7f
Apr-25 10:25:55.962 [main] DEBUG nextflow.Session - Run name: hopeful_northcutt
Apr-25 10:25:55.962 [main] DEBUG nextflow.Session - Executor pool size: 8
Apr-25 10:25:56.165 [main] DEBUG nextflow.cli.CmdRun - 
  Version: 19.03.0-edge build 5061
  Modified: 14-03-2019 17:26 UTC (10:26 PDT)
  System: Mac OS X 10.14.4
  Runtime: Groovy 2.5.6 on Java HotSpot(TM) 64-Bit Server VM 11.0.1+13-LTS
  Encoding: UTF-8 (UTF-8)
  Process: 19830@li-mbp.local [10.122.111.66]
  CPUs: 8 - Mem: 16 GB (2.2 GB) - Swap: 2 GB (984.5 MB)
Apr-25 10:25:56.189 [main] DEBUG nextflow.Session - Work-dir: /Users/lucy.li/Documents/projects/skeeters/analysis/contig_blast_analysis/work [Mac OS X]
Apr-25 10:25:56.189 [main] DEBUG nextflow.Session - Script base path does not exist or is not a directory: /Users/lucy.li/Documents/projects/skeeters/analysis/contig_blast_analysis/bin
Apr-25 10:25:56.327 [main] DEBUG nextflow.Session - Session start invoked
Apr-25 10:25:56.331 [main] DEBUG nextflow.processor.TaskDispatcher - Dispatcher > start
Apr-25 10:25:56.331 [main] DEBUG nextflow.trace.TraceFileObserver - Flow starting -- trace file: /Users/lucy.li/Documents/projects/skeeters/analysis/contig_blast_analysis/trace.txt
Apr-25 10:25:56.345 [main] DEBUG nextflow.script.ScriptRunner - > Script parsing
Apr-25 10:25:56.550 [main] DEBUG nextflow.script.ScriptRunner - > Launching execution
Apr-25 10:25:56.552 [main] WARN  nextflow.script.ScriptBinding - Access to undefined parameter `help` -- Initialise it to a default value eg. `params.help = some_value`
Apr-25 10:25:56.645 [PathVisitor-1] DEBUG nextflow.file.FileHelper - Creating a file system instance for provider: S3FileSystemProvider
Apr-25 10:25:56.660 [PathVisitor-1] DEBUG nextflow.Global - Using AWS credential defined in `default` section in file: /Users/lucy.li/.aws/credentials
Apr-25 10:25:56.667 [PathVisitor-1] DEBUG nextflow.file.FileHelper - AWS S3 config details: {secret_key=DtpfPY.., max_connections=20, upload_storage_class=INTELLIGENT_TIERING, storage_encryption=AES256, access_key=AKIAJQ.., region=us-west-2, connection_timeout=10000}
Apr-25 10:25:56.748 [main] DEBUG nextflow.processor.ProcessFactory - << taskConfig executor: null
Apr-25 10:25:56.748 [main] DEBUG nextflow.processor.ProcessFactory - >> processorType: 'local'
Apr-25 10:25:56.756 [main] DEBUG nextflow.executor.Executor - Initializing executor: local
Apr-25 10:25:56.759 [main] INFO  nextflow.executor.Executor - [warm up] executor > local
Apr-25 10:25:56.763 [main] DEBUG n.processor.LocalPollingMonitor - Creating local task monitor for executor 'local' > cpus=8; memory=16 GB; capacity=8; pollInterval=100ms; dumpInterval=5m
Apr-25 10:25:56.768 [main] DEBUG nextflow.processor.TaskDispatcher - Starting monitor: LocalPollingMonitor
Apr-25 10:25:56.769 [main] DEBUG n.processor.TaskPollingMonitor - >>> barrier register (monitor: local)
Apr-25 10:25:56.771 [main] DEBUG nextflow.executor.Executor - Invoke register for executor: local
Apr-25 10:25:56.801 [main] WARN  nextflow.processor.TaskProcessor - Output `set` must define at least two component -- Check process `lca_analysis`
Apr-25 10:25:56.813 [main] DEBUG nextflow.Session - >>> barrier register (process: lca_analysis)
Apr-25 10:25:56.816 [main] DEBUG nextflow.processor.TaskProcessor - Creating operator > lca_analysis -- maxForks: 8
Apr-25 10:25:56.859 [main] DEBUG nextflow.script.ScriptRunner - > Await termination 
Apr-25 10:25:56.859 [main] DEBUG nextflow.Session - Session await
Apr-25 10:25:57.144 [PathVisitor-1] DEBUG nextflow.file.PathVisitor - files for syntax: glob; folder: /czbiohub-mosquito/contigs/; pattern: */*.m9; options: [:]
Apr-25 10:25:57.151 [PathVisitor-1] DEBUG nextflow.file.FileHelper - Path matcher not defined by 'S3FileSystem' file system -- using default default strategy
Apr-25 10:25:58.340 [Actor Thread 4] WARN  nextflow.processor.TaskProcessor - Input tuple does not match input set cardinality declared by process `lca_analysis` -- offending value: /czbiohub-mosquito/contigs/CMS001_001_Ra_S1/blast_subset_nr.m9
Apr-25 10:25:58.904 [Task submitter] INFO  nextflow.processor.TaskProcessor - [29/8aa10f] NOTE: File `/czbiohub-mosquito/contigs/CMS001_001_Ra_S1/blast_subset_nr.m9` is out of the scope of process working dir: /Users/lucy.li/Documents/projects/skeeters/analysis/contig_blast_analysis/work/29/8aa10f213894f2067d6d7d3c68b856 -- Execution is retried (1)
Apr-25 10:25:58.928 [Task submitter] INFO  nextflow.processor.TaskProcessor - [9b/5e2dec] NOTE: File `/czbiohub-mosquito/contigs/CMS001_002_Ra_S1/blast_subset_nr.m9` is out of the scope of process working dir: /Users/lucy.li/Documents/projects/skeeters/analysis/contig_blast_analysis/work/9b/5e2dec288f5cabf049f6e41c45f354 -- Execution is retried (1)
Apr-25 10:25:58.935 [Task submitter] INFO  nextflow.processor.TaskProcessor - [05/e2bc9b] NOTE: File `/czbiohub-mosquito/contigs/CMS001_001_Ra_S1/blast_nt.m9` is out of the scope of process working dir: /Users/lucy.li/Documents/projects/skeeters/analysis/contig_blast_analysis/work/05/e2bc9b8d67f78ef7d834f775a143bd -- Execution is retried (1)
Apr-25 10:25:58.940 [Task submitter] INFO  nextflow.processor.TaskProcessor - [4b/ed13a3] NOTE: File `/czbiohub-mosquito/contigs/CMS001_002_Ra_S1/blast_nt.m9` is out of the scope of process working dir: /Users/lucy.li/Documents/projects/skeeters/analysis/contig_blast_analysis/work/4b/ed13a35ea70130dbba7d40710345c0 -- Execution is retried (1)
Apr-25 10:25:58.945 [Task submitter] INFO  nextflow.processor.TaskProcessor - [dd/5a4d32] NOTE: File `/czbiohub-mosquito/contigs/CMS001_003_Ra_S2/blast_nt.m9` is out of the scope of process working dir: /Users/lucy.li/Documents/projects/skeeters/analysis/contig_blast_analysis/work/dd/5a4d32e97bc545ea9fe3d99b6e45ac -- Execution is retried (1)
Apr-25 10:25:58.952 [Task submitter] INFO  nextflow.processor.TaskProcessor - [83/1b02dd] NOTE: File `/czbiohub-mosquito/contigs/CMS001_003_Ra_S2/blast_subset_nr.m9` is out of the scope of process working dir: /Users/lucy.li/Documents/projects/skeeters/analysis/contig_blast_analysis/work/83/1b02dd981b69e484db5112fd63a1c9 -- Execution is retried (1)
Apr-25 10:25:58.957 [Task submitter] INFO  nextflow.processor.TaskProcessor - [64/43f499] NOTE: File `/czbiohub-mosquito/contigs/CMS001_001_Ra_S1/blast_subset_nr.m9` is out of the scope of process working dir: /Users/lucy.li/Documents/projects/skeeters/analysis/contig_blast_analysis/work/29/8aa10f213894f2067d6d7d3c68b856 -- Execution is retried (2)
Apr-25 10:25:58.962 [Task submitter] INFO  nextflow.processor.TaskProcessor - [11/e5e513] NOTE: File `/czbiohub-mosquito/contigs/CMS001_002_Ra_S1/blast_subset_nr.m9` is out of the scope of process working dir: /Users/lucy.li/Documents/projects/skeeters/analysis/contig_blast_analysis/work/9b/5e2dec288f5cabf049f6e41c45f354 -- Execution is retried (2)
Apr-25 10:25:58.968 [Task submitter] INFO  nextflow.processor.TaskProcessor - [da/08b9f6] NOTE: File `/czbiohub-mosquito/contigs/CMS001_001_Ra_S1/blast_nt.m9` is out of the scope of process working dir: /Users/lucy.li/Documents/projects/skeeters/analysis/contig_blast_analysis/work/05/e2bc9b8d67f78ef7d834f775a143bd -- Execution is retried (2)
Apr-25 10:25:58.971 [Task submitter] INFO  nextflow.processor.TaskProcessor - [83/95b707] NOTE: File `/czbiohub-mosquito/contigs/CMS001_002_Ra_S1/blast_nt.m9` is out of the scope of process working dir: /Users/lucy.li/Documents/projects/skeeters/analysis/contig_blast_analysis/work/4b/ed13a35ea70130dbba7d40710345c0 -- Execution is retried (2)
Apr-25 10:25:58.976 [Task submitter] INFO  nextflow.processor.TaskProcessor - [fc/9a4c45] NOTE: File `/czbiohub-mosquito/contigs/CMS001_003_Ra_S2/blast_nt.m9` is out of the scope of process working dir: /Users/lucy.li/Documents/projects/skeeters/analysis/contig_blast_analysis/work/dd/5a4d32e97bc545ea9fe3d99b6e45ac -- Execution is retried (2)
Apr-25 10:25:58.983 [Task submitter] INFO  nextflow.processor.TaskProcessor - [57/a3ebf7] NOTE: File `/czbiohub-mosquito/contigs/CMS001_003_Ra_S2/blast_subset_nr.m9` is out of the scope of process working dir: /Users/lucy.li/Documents/projects/skeeters/analysis/contig_blast_analysis/work/83/1b02dd981b69e484db5112fd63a1c9 -- Execution is retried (2)
Apr-25 10:25:58.987 [Task submitter] INFO  nextflow.processor.TaskProcessor - [eb/d9cd75] NOTE: File `/czbiohub-mosquito/contigs/CMS001_001_Ra_S1/blast_subset_nr.m9` is out of the scope of process working dir: /Users/lucy.li/Documents/projects/skeeters/analysis/contig_blast_analysis/work/29/8aa10f213894f2067d6d7d3c68b856 -- Execution is retried (3)
Apr-25 10:25:58.990 [Task submitter] INFO  nextflow.processor.TaskProcessor - [5b/8e92df] NOTE: File `/czbiohub-mosquito/contigs/CMS001_002_Ra_S1/blast_subset_nr.m9` is out of the scope of process working dir: /Users/lucy.li/Documents/projects/skeeters/analysis/contig_blast_analysis/work/9b/5e2dec288f5cabf049f6e41c45f354 -- Execution is retried (3)
Apr-25 10:25:58.996 [Task submitter] INFO  nextflow.processor.TaskProcessor - [51/75267a] NOTE: File `/czbiohub-mosquito/contigs/CMS001_001_Ra_S1/blast_nt.m9` is out of the scope of process working dir: /Users/lucy.li/Documents/projects/skeeters/analysis/contig_blast_analysis/work/05/e2bc9b8d67f78ef7d834f775a143bd -- Execution is retried (3)
Apr-25 10:25:59.007 [Task submitter] INFO  nextflow.processor.TaskProcessor - [fa/758427] NOTE: File `/czbiohub-mosquito/contigs/CMS001_002_Ra_S1/blast_nt.m9` is out of the scope of process working dir: /Users/lucy.li/Documents/projects/skeeters/analysis/contig_blast_analysis/work/4b/ed13a35ea70130dbba7d40710345c0 -- Execution is retried (3)
Apr-25 10:25:59.015 [Task submitter] INFO  nextflow.processor.TaskProcessor - [98/41dfef] NOTE: File `/czbiohub-mosquito/contigs/CMS001_003_Ra_S2/blast_nt.m9` is out of the scope of process working dir: /Users/lucy.li/Documents/projects/skeeters/analysis/contig_blast_analysis/work/dd/5a4d32e97bc545ea9fe3d99b6e45ac -- Execution is retried (3)
Apr-25 10:25:59.020 [Task submitter] INFO  nextflow.processor.TaskProcessor - [6e/2613e6] NOTE: File `/czbiohub-mosquito/contigs/CMS001_004_Ra_S2/blast_subset_nr.m9` is out of the scope of process working dir: /Users/lucy.li/Documents/projects/skeeters/analysis/contig_blast_analysis/work/6e/2613e677b8a9fbd48b68311d99e6c4 -- Execution is retried (1)
Apr-25 10:25:59.024 [Task submitter] INFO  nextflow.processor.TaskProcessor - [f6/8add96] NOTE: File `/czbiohub-mosquito/contigs/CMS001_004_Ra_S2/blast_nt.m9` is out of the scope of process working dir: /Users/lucy.li/Documents/projects/skeeters/analysis/contig_blast_analysis/work/f6/8add96bc5ea48550161b610962c546 -- Execution is retried (1)
Apr-25 10:25:59.027 [Task submitter] INFO  nextflow.processor.TaskProcessor - [ee/b9d62f] NOTE: File `/czbiohub-mosquito/contigs/CMS001_003_Ra_S2/blast_subset_nr.m9` is out of the scope of process working dir: /Users/lucy.li/Documents/projects/skeeters/analysis/contig_blast_analysis/work/83/1b02dd981b69e484db5112fd63a1c9 -- Execution is retried (3)
Apr-25 10:25:59.038 [Task submitter] DEBUG nextflow.processor.TaskRun - Unable to dump error of process 'lca_analysis (/czbiohub-mosquito/contigs/CMS001_001_Ra_S1/blast_subset_nr.m9_null)' -- Cause: java.nio.file.NoSuchFileException: /Users/lucy.li/Documents/projects/skeeters/analysis/contig_blast_analysis/work/cd/ca1fa848d4505defaba8641599699a/.command.log
Apr-25 10:25:59.040 [Task submitter] ERROR nextflow.processor.TaskProcessor - Error executing process > 'lca_analysis (/czbiohub-mosquito/contigs/CMS001_001_Ra_S1/blast_subset_nr.m9_null)'

Caused by:
  File `/czbiohub-mosquito/contigs/CMS001_001_Ra_S1/blast_subset_nr.m9` is out of the scope of process working dir: /Users/lucy.li/Documents/projects/skeeters/analysis/contig_blast_analysis/work/29/8aa10f213894f2067d6d7d3c68b856

Command executed:

  python lca_analysis.py     --blast_type nt     --fpath input.1     --filtered_blast_path s3://lucymli/test/A     --outpath s3://lucymli/test/B     --ident_cutoff 0.5     --align_len_cutoff 0.5

Command exit status:
  -

Command output:
  (empty)

Work dir:
  /Users/lucy.li/Documents/projects/skeeters/analysis/contig_blast_analysis/work/cd/ca1fa848d4505defaba8641599699a

Tip: you can try to figure out what's wrong by changing to the process work dir and showing the script file named `.command.sh`
Apr-25 10:25:59.043 [Task submitter] DEBUG nextflow.Session - Session aborted -- Cause: File `/czbiohub-mosquito/contigs/CMS001_001_Ra_S1/blast_subset_nr.m9` is out of the scope of process working dir: /Users/lucy.li/Documents/projects/skeeters/analysis/contig_blast_analysis/work/29/8aa10f213894f2067d6d7d3c68b856
Apr-25 10:25:59.065 [Task submitter] DEBUG nextflow.Session - The following nodes are still active:
[process] lca_analysis
  status=ACTIVE
  port 0: (queue) OPEN  ; channel: -
  port 1: (cntrl) -     ; channel: $

Apr-25 10:25:59.068 [Task monitor] DEBUG n.processor.TaskPollingMonitor - <<< barrier arrives (monitor: local)
Apr-25 10:25:59.069 [main] DEBUG nextflow.Session - Session await > all process finished
Apr-25 10:25:59.069 [main] DEBUG nextflow.Session - Session await > all barriers passed
Apr-25 10:25:59.073 [main] DEBUG nextflow.trace.StatsObserver - Workflow completed > WorkflowStats[succeedCount=0; failedCount=21; ignoredCount=0; cachedCount=0; succeedDuration=0ms; failedDuration=0ms; cachedDuration=0ms]
Apr-25 10:25:59.073 [main] DEBUG nextflow.trace.TraceFileObserver - Flow completing -- flushing trace file
Apr-25 10:25:59.075 [main] DEBUG nextflow.trace.ReportObserver - Flow completing -- rendering html report
Apr-25 10:25:59.096 [main] DEBUG nextflow.trace.ReportObserver - Execution report summary data:
  {"lca_analysis":{"cpu":null,"mem":null,"vmem":null,"time":null,"reads":null,"writes":null,"cpuUsage":null,"memUsage":null,"timeUsage":null}}
Apr-25 10:26:00.352 [main] DEBUG nextflow.trace.TimelineObserver - Flow completing -- rendering html timeline
Apr-25 10:26:00.400 [main] DEBUG nextflow.CacheDB - Closing CacheDB done
Apr-25 10:26:00.404 [main] DEBUG nextflow.Session - AWS S3 uploader shutdown
Apr-25 10:26:00.415 [main] DEBUG nextflow.script.ScriptRunner - > Execution complete -- Goodbye
